[ AutoCAD - Sat May 29 11:07:25 2021  ]----------------------------------------

Loading Modeler DLLs.

Opening an AutoCAD 2018 format file.


AutoCAD menu utilities loaded.*Cancel*

Command: 

Autodesk DWG.  This file is a TrustedDWG last saved by an Autodesk application or Autodesk licensed application.

Command: 

Command: 
Command: Specify opposite corner or [Fence/WPolygon/CPolygon]: *Cancel*

Command: Specify opposite corner or [Fence/WPolygon/CPolygon]:  Specify opposite corner or [Fence/WPolygon/CPolygon]: *Cancel*

Command:  
Command:  
Command:  
Command: 
Command: 
Command: _line 
Specify first point: 
Specify next point or [Undo]: 
Specify next point or [Undo]: *Cancel*
*Cancel*

Command:  <Dynamic UCS off> 
Command: _u LINE GROUP 
Command: *Cancel*

Command:  
Command: Specify opposite corner or [Fence/WPolygon/CPolygon]: 
Command: *Cancel*

Command: Specify opposite corner or [Fence/WPolygon/CPolygon]: 
Command: JOIN
4 found

4 objects converted to 1 polyline
Command: Specify opposite corner or [Fence/WPolygon/CPolygon]: 
Command: JOIN
4 found

4 objects converted to 1 polyline
Command: Specify opposite corner or [Fence/WPolygon/CPolygon]: 
Command: JOIN
4 found

4 objects converted to 1 polyline
Command: Specify opposite corner or [Fence/WPolygon/CPolygon]: 
Command: 
Command: 
Command: _copy 4 found

Current settings:  Copy mode = Multiple
Specify base point or [Displacement/mOde] <Displacement>: 
Specify second point or [Array] <use first point as displacement>: 
Specify second point or [Array/Exit/Undo] <Exit>: *Cancel*

Command: 
Command: EXT
EXTRUDE 
Current wire frame density:  ISOLINES=4, Closed profiles creation mode = Solid
1 found

Specify height of extrusion or [Direction/Path/Taper angle/Expression]: 4


Command: 
Command: 
Command: 
Command: EXTRUDE

Current wire frame density:  ISOLINES=4, Closed profiles creation mode = Solid
1 found

Specify height of extrusion or [Direction/Path/Taper angle/Expression] <4.0000>: 4


Command: 
Command: EXTRUDE

Current wire frame density:  ISOLINES=4, Closed profiles creation mode = Solid
1 found

Specify height of extrusion or [Direction/Path/Taper angle/Expression] <4.0000>: 4


Command: 
Command: EXTRUDE

Current wire frame density:  ISOLINES=4, Closed profiles creation mode = Solid
1 found

Specify height of extrusion or [Direction/Path/Taper angle/Expression] <4.0000>: 4


Command: 
Command:  Regenerating model.

Command: Specify opposite corner or [Fence/WPolygon/CPolygon]: 
Automatic save to C:\Users\toong\AppData\Local\Temp\MicroSupply_1_17713_25231006.sv$ ...

Command: 
Command: *Cancel*

Command: 
Command: 
Command: 
Command: 
Command: _presspull 
Select object or bounded area:
Specify extrusion height or [Multiple]:
Specify extrusion height or [Multiple]:4

1 extrusion(s) created
Select object or bounded area:
Command: 
Command: _.erase 1 found

Command: 
Command: 
Command: _presspull 
Select object or bounded area:
Specify extrusion height or [Multiple]:
Specify extrusion height or [Multiple]:4

1 extrusion(s) created
Select object or bounded area:
Command: 
Command: _.erase 1 found

Command: _u ERASE 
Command: 
Command: 
Command: _presspull 
Select object or bounded area:
Specify extrusion height or [Multiple]:
Specify extrusion height or [Multiple]:4

1 extrusion(s) created
Select object or bounded area:
Command: 
Command: _.erase 1 found

Command: _u ERASE 
Command:  
Command: 
Command: 
Command: 
Command: _presspull 
Select object or bounded area:
Specify extrusion height or [Multiple]:
Specify extrusion height or [Multiple]:4

1 extrusion(s) created
Select object or bounded area:
Specify extrusion height or [Multiple]:
Specify extrusion height or [Multiple]:*Cancel*
*Cancel*

1 extrusion(s) created
Select object or bounded area:
Specify extrusion height or [Multiple]:
Specify extrusion height or [Multiple]:*Cancel*
*Cancel*

1 extrusion(s) created
Select object or bounded area:
Command: 
Command: _.erase 1 found

Command:  
Command: 
Command: 
Command: 
Command: _presspull 
Select object or bounded area:
Specify extrusion height or [Multiple]:
Specify extrusion height or [Multiple]:4

1 extrusion(s) created
Select object or bounded area:
Command: 
Command: _.erase 1 found

Command: _u ERASE 
Command: 
Command: 
Command: 
Command: _presspull 
Select object or bounded area:
Specify extrusion height or [Multiple]:
Specify extrusion height or [Multiple]: 
Resuming PRESSPULL command.

Specify extrusion height or [Multiple]:4

1 extrusion(s) created
Select object or bounded area:
Command: 
Command: _.erase 1 found

Command: _u ERASE 
Command: 
Command: 
Command: _presspull 
Select object or bounded area:
Specify extrusion height or [Multiple]:
Specify extrusion height or [Multiple]:4

1 extrusion(s) created
Select object or bounded area:
Command: 
Command: _.erase 1 found

Command: _u ERASE 
Command:  
Command: 
Command: 
Command: _presspull 
Select object or bounded area:
Specify extrusion height or [Multiple]:
Specify extrusion height or [Multiple]:
1 extrusion(s) created
Select object or bounded area:
Command: 
Command: _.erase 1 found

Command: _u ERASE 
Command:  
Command: 
Command: 
Command: 
Command: _presspull 
Select object or bounded area:
Specify extrusion height or [Multiple]:
Specify extrusion height or [Multiple]:4

1 extrusion(s) created
Select object or bounded area:
Command: 
Command: _.erase 1 found

Command: _u ERASE 
Command:  
Command: 
Command: 
Command: 
Command: _presspull 
Select object or bounded area:
Specify extrusion height or [Multiple]:
Specify extrusion height or [Multiple]: 
Resuming PRESSPULL command.

Specify extrusion height or [Multiple]:
1 extrusion(s) created
Select object or bounded area: 
Resuming PRESSPULL command.

Select object or bounded area:
1 loop extracted.


1 Region created.

Specify extrusion height or [Multiple]:
Specify extrusion height or [Multiple]:*Cancel*
*Cancel*

1 extrusion(s) created
Select object or bounded area:
1 loop extracted.


1 Region created.

Specify extrusion height or [Multiple]:
Specify extrusion height or [Multiple]:*Cancel*
*Cancel*

1 extrusion(s) created
Select object or bounded area:
Command: 
Command: _.erase 1 found

Command: _u ERASE 
Command:  
Command:  
Command:  
Command: 
Command: 
Command: 
Command: 
Command: 
Command: _presspull 
Select object or bounded area:
Specify extrusion height or [Multiple]:
Specify extrusion height or [Multiple]:4

1 extrusion(s) created
Select object or bounded area:
Command: Specify opposite corner or [Fence/WPolygon/CPolygon]: 
Command: 
Command: _.erase 1 found

Command: 
Command: 
Command: _u VSCURRENT GROUP Regenerating model.

Command: _u ERASE 
Command: 
Command: 
Command: 
Command: _presspull 
Select object or bounded area:
Specify extrusion height or [Multiple]:
Specify extrusion height or [Multiple]:
1 extrusion(s) created
Select object or bounded area:Select solids, surfaces, and regions to subtract from ..
Subtracting inner regions...

Specify extrusion height or [Multiple]:
Specify extrusion height or [Multiple]:*Cancel*

1 extrusion(s) created
Select object or bounded area:
Command: 
Command: 
Command: 
Command: 
Command: *Cancel*

Command: 
Command: *Cancel*

Command: *Cancel*

Command: 
Command: 
Command: *Cancel*

Command: 
Command: _.erase 1 found

Command:  
Command: _u '.3DPAN2 
Command: _u ERASE 
Command:  
Command: *Cancel*

Command: 
Command: 
Command: 
Command: _presspull 
Select object or bounded area:
Specify extrusion height or [Multiple]:
Specify extrusion height or [Multiple]:4

1 extrusion(s) created
Select object or bounded area:
Command: 
Command: _.erase 1 found

Command: _u ERASE 
Command: 
Command: 
Command: 


Command: 
Command:  
Command: 
Command: _u DROPGEOM GROUP 
Command: 
Command:  
Command: Specify opposite corner or [Fence/WPolygon/CPolygon]: *Cancel*

Command: *Cancel*

Command: 
Command: _.erase 1 found

Command: _u ERASE 
Command: _u INTELLIZOOM 
Command: _u '.VIEWCUBEACTION 
Command: _u INTELLIZOOM 
Command:  
Command: _u 
Command: _u '.VIEWCUBEACTION 
Command: _u PRESSPULL GROUP 
Command: _u INTELLIZOOM INTELLIZOOM INTELLIZOOM 
Command: 
Command: 
Command: 
Command: _extrude 
Current wire frame density:  ISOLINES=4, Closed profiles creation mode = Solid
1 found
_MO Closed profiles creation mode [SOlid/SUrface] <Solid>: _SO

Cannot sweep or extrude an object of this type.
1 object removed from selection set.

Select objects to extrude or [MOde]: 1 found

Select objects to extrude or [MOde]: 

Cannot sweep or extrude an object of this type.
1 object removed from selection set.

Select objects to extrude or [MOde]: 1 found

Select objects to extrude or [MOde]: *Cancel*
*Cancel*

Command: _presspull 
Select object or bounded area:
Specify extrusion height or [Multiple]:
Specify extrusion height or [Multiple]: 
Resuming PRESSPULL command.

Specify extrusion height or [Multiple]: 
Resuming PRESSPULL command.

Specify extrusion height or [Multiple]:30

1 extrusion(s) created
Select object or bounded area:
Command: 
Command: _.erase 1 found

Command: _u ERASE 
Command: 
Command: 
Command: _presspull 
Select object or bounded area:
Specify extrusion height or [Multiple]:
Specify extrusion height or [Multiple]:4

1 extrusion(s) created
Select object or bounded area:
Click a face, curve, or inside a bounded area
Select object or bounded area:
Specify extrusion height or [Multiple]:
Specify extrusion height or [Multiple]:*Cancel*
*Cancel*

1 extrusion(s) created
Select object or bounded area:
Specify extrusion height or [Multiple]:
Specify extrusion height or [Multiple]:
1 extrusion(s) created
Select object or bounded area:
Specify extrusion height or [Multiple]:
Specify extrusion height or [Multiple]:
1 extrusion(s) created
Select object or bounded area:
Specify extrusion height or [Multiple]:
Specify extrusion height or [Multiple]:
1 extrusion(s) created
Select object or bounded area:
Specify extrusion height or [Multiple]:
Specify extrusion height or [Multiple]:
1 extrusion(s) created
Select object or bounded area:
Specify extrusion height or [Multiple]:
Specify extrusion height or [Multiple]:
1 extrusion(s) created
Select object or bounded area:
Command: *Cancel*

Command: 
Command: _.erase 1 found

Command:  
Command:  
Command: Specify opposite corner or [Fence/WPolygon/CPolygon]: 
Command: 
Command: 
Command: _move 1 found

Specify base point or [Displacement] <Displacement>: 
Specify second point or <use first point as displacement>: 
Command:  
Command:  
Command:  
Command: Specify opposite corner or [Fence/WPolygon/CPolygon]: 
Command: GROUP
4 found

Unnamed group has been created. 
Command:  
Command:  
Command:  
Command: 
Command:  
Command:  
Command:  
Command: 
Command: 
Command: 
Command: _rotate 
Current positive angle in UCS:  ANGDIR=counterclockwise  ANGBASE=0
2 found

Specify base point: 
Specify rotation angle or [Copy/Reference] <0>: *Cancel*

Command: 
Command: 
Command: _rotate 
Current positive angle in UCS:  ANGDIR=counterclockwise  ANGBASE=0

Select objects: 1 found

Select objects: 

Specify base point: 
Specify rotation angle or [Copy/Reference] <0>: *Cancel*

Command: 
Command:  
Command: 
Command: 
Command: _3drotate 
Current positive angle in UCS:  ANGDIR=counterclockwise  ANGBASE=0
1 found

Specify base point: 
 
** ROTATE **
Specify rotation angle or [Base point/Copy/Undo/Reference/eXit]: 
Command: *Cancel*

Command: 
Command: 
Command: 
Command: _3drotate 
Current positive angle in UCS:  ANGDIR=counterclockwise  ANGBASE=0
1 found

Specify base point: 
 
** ROTATE **
Specify rotation angle or [Base point/Copy/Undo/Reference/eXit]: 
Command:  
Command:  
Command:  
Command:  
Command:  
Command: 
Command:  
 
** ROTATE **
Specify rotation angle or [Base point/Copy/Undo/Reference/eXit]: *Cancel*

Command: *Cancel*

Command: 
Command: 
Command: 
Command: _3drotate 
Current positive angle in UCS:  ANGDIR=counterclockwise  ANGBASE=0
1 found

Specify base point: 
 
** ROTATE **
Specify rotation angle or [Base point/Copy/Undo/Reference/eXit]: 
Command: 
Command: 
Command: *Cancel*

Command: *Cancel*

Command: 
Command: 
Command: _3drotate 
Current positive angle in UCS:  ANGDIR=counterclockwise  ANGBASE=0

Select objects: 1 found

Select objects: 

Specify base point: 
 
** ROTATE **
Specify rotation angle or [Base point/Copy/Undo/Reference/eXit]: 
Command: *Cancel*

Command:  
Command:  
Command:  
Command:  
Command:  
Command:  
Command: 
Command:  
Command: 
Command: 
Command: 
Command: _3drotate 
Current positive angle in UCS:  ANGDIR=counterclockwise  ANGBASE=0
1 found

Specify base point: 
 
** ROTATE **
Specify rotation angle or [Base point/Copy/Undo/Reference/eXit]: 
Command: *Cancel*

Command: 
Command: 
Command: 


Command: 
Command:  
Command: 
Command: Specify opposite corner or [Fence/WPolygon/CPolygon]: *Cancel*

Command: *Cancel*

Command: _u 
Command: _u INTELLIZOOM 
Command: _u DROPGEOM GROUP 
Command: _u INTELLIZOOM 
Command: _u 3DROTATE GROUP 
Command: _u '.VIEWCUBEACTION 
Command: _u '.3DPAN2 '.3DPAN2 INTELLIZOOM 
Command: _u 
Command: _u '.VIEWCUBEACTION 
Command: _u INTELLIZOOM 
Command: _u 
Command: _u '.3DPAN2 
Command: _u 3DROTATE GROUP 
Command: _u 3DROTATE GROUP 
Command: _u '.ACGZDRAGACTION 
Command: _u 
Command: _u INTELLIZOOM 
Command: _u 
Command: _u INTELLIZOOM 
Command: _u 
Command: _u INTELLIZOOM INTELLIZOOM 
Command: _u 
Command: _u '.3DPAN2 '.3DPAN2 
Command: _u 3DROTATE GROUP 
Command: _u INTELLIZOOM INTELLIZOOM 
Command: _u 3DROTATE GROUP 
Command:  
Command: Specify opposite corner or [Fence/WPolygon/CPolygon]: 
Command: 
Command: 
Command: _copy 6 found

Current settings:  Copy mode = Multiple
Specify base point or [Displacement/mOde] <Displacement>: 
Checking 903 intersections... 
Specify second point or [Array] <use first point as displacement>: 
Specify second point or [Array/Exit/Undo] <Exit>: *Cancel*

Command: 
Command:  
Command: 
Command: 
Command: _3drotate 
Current positive angle in UCS:  ANGDIR=counterclockwise  ANGBASE=0
1 found

Specify base point: 
 
** ROTATE **
Specify rotation angle or [Base point/Copy/Undo/Reference/eXit]: 
Automatic save to C:\Users\toong\AppData\Local\Temp\MicroSupply_1_17713_25231006.sv$ ...

Command: 
Command: *Cancel*

Command: 
Command: 
Command: 
Command: _3drotate 
Current positive angle in UCS:  ANGDIR=counterclockwise  ANGBASE=0
1 found

Specify base point: 
 
** ROTATE **
Specify rotation angle or [Base point/Copy/Undo/Reference/eXit]: 
Command: *Cancel*

Command: 
Command: 
Command: 
Command: _3drotate 
Current positive angle in UCS:  ANGDIR=counterclockwise  ANGBASE=0
1 found

Specify base point: 
 
** ROTATE **
Specify rotation angle or [Base point/Copy/Undo/Reference/eXit]: 
Command:  
 
** ROTATE **
Specify rotation angle or [Base point/Copy/Undo/Reference/eXit]: 
Command: *Cancel*

Command: 
Command: 
Command: 
Command: _3drotate 
Current positive angle in UCS:  ANGDIR=counterclockwise  ANGBASE=0
1 found

Specify base point: 
 
** ROTATE **
Specify rotation angle or [Base point/Copy/Undo/Reference/eXit]: 
Command: *Cancel*

Command:  
Command: 
Command: 
Command: *Cancel*

Command: *Cancel*

Command: 
Command: 
Command: 
Command: _move 1 found

Specify base point or [Displacement] <Displacement>: 
Specify second point or <use first point as displacement>:  
Resuming MOVE command.

Specify second point or <use first point as displacement>:  
Resuming MOVE command.

Specify second point or <use first point as displacement>: 
Command: *Cancel*

Command:  
Command:  
Command: 
Command: 
Command: 
Command: _move 1 found

Specify base point or [Displacement] <Displacement>: 
Specify second point or <use first point as displacement>:  
Resuming MOVE command.

Specify second point or <use first point as displacement>: 
Command:  
Command: 
Command: *Cancel*

Command:  
Command:  
Command:  
Command:  
Command:  
Command:  
Command:  
Command: 
Command: 
Command: 
Command: 
Command: 
Command: _move 2 found

Specify base point or [Displacement] <Displacement>: 
Checking 903 intersections... 
Specify second point or <use first point as displacement>:  
Resuming MOVE command.

Specify second point or <use first point as displacement>:  
Resuming MOVE command.

Specify second point or <use first point as displacement>:  
Resuming MOVE command.

Specify second point or <use first point as displacement>: *Cancel*

Command:  
Command: 
Command: 
Command: _move 
Select objects: 1 found

Select objects: 1 found, 2 total

Select objects: 

Specify base point or [Displacement] <Displacement>: 
Specify second point or <use first point as displacement>:  
Resuming MOVE command.

Specify second point or <use first point as displacement>: 
Command:  
Command:  
Command: 
Command:  
Command: Specify opposite corner or [Fence/WPolygon/CPolygon]: *Cancel*

Command: *Cancel*

Command:  
Command: 
Command: 
Command: 
Command: 
Command: 
Command: _move 3 found

Specify base point or [Displacement] <Displacement>: 
Specify second point or <use first point as displacement>: 
Command:  
Command: 
Command:  
Command: *Cancel*

Command: 
Command: 
Command: 
Command: _move 1 found

Specify base point or [Displacement] <Displacement>: 
Specify second point or <use first point as displacement>: 
Command: 
Command:  
Command: Specify opposite corner or [Fence/WPolygon/CPolygon]: 
Command: *Cancel*

Command:  
Command: 
Command: 
Command: 
Command: _move 1 found

Specify base point or [Displacement] <Displacement>:  
Resuming MOVE command.

Specify base point or [Displacement] <Displacement>: 
Specify second point or <use first point as displacement>: *Cancel*

Command: 
Command: 
Command: 
Command: _move 1 found

Specify base point or [Displacement] <Displacement>: 
Specify second point or <use first point as displacement>: 
Checking 666 intersections... 
Command:  
Command: Specify opposite corner or [Fence/WPolygon/CPolygon]: *Cancel*

Command: Specify opposite corner or [Fence/WPolygon/CPolygon]: *Cancel*

Command: Specify opposite corner or [Fence/WPolygon/CPolygon]: 
Command: 
Command: 
Command: _move 9 found

Specify base point or [Displacement] <Displacement>: 
Specify second point or <use first point as displacement>:  
Resuming MOVE command.

Specify second point or <use first point as displacement>: 
Command: 
Command: 
Command: 
Command: _move 1 found

Specify base point or [Displacement] <Displacement>: 
Specify second point or <use first point as displacement>: 
Command:  
Command: 
Command: 
Command: 
Command: _move 1 found

Specify base point or [Displacement] <Displacement>: 
Specify second point or <use first point as displacement>: 
Command:  
Command:  
Command: 
Command: 
Command: 
Command: 
Command: 
Command: 
Command: 
Command: 
Command: 
Command: 
Command:  
Command: 
Command:  
Command: 
Command: 
Command: 
Command: _copy 2 found

Current settings:  Copy mode = Multiple
Specify base point or [Displacement/mOde] <Displacement>: 
Too many objects selected for INTERSECT

Specify second point or [Array] <use first point as displacement>:  
Resuming COPY command.

Specify second point or [Array] <use first point as displacement>: 
Specify second point or [Array/Exit/Undo] <Exit>: *Cancel*

Command:  
Command:  
Command: *Cancel*

Command: *Cancel*

Command: *Cancel*

Command: *Cancel*

Command: *Cancel*

Command: *Cancel*

Command: *Cancel*

Command: *Cancel*

Command: *Cancel*

Command: *Cancel*

Command: *Cancel*

Command: Specify opposite corner or [Fence/WPolygon/CPolygon]: *Cancel*

Command: 
Command: EXPLODE
1 found

Command: 
Command: 
Command: 
Command: _move 1 found

Specify base point or [Displacement] <Displacement>: 
Checking 1035 intersections... 
Specify second point or <use first point as displacement>:  
Resuming MOVE command.

Specify second point or <use first point as displacement>: *Cancel*

Command: 
Command:  
Command:  
Command: 
Command: 
Command: 
Command: _move 2 found

Specify base point or [Displacement] <Displacement>: 
Checking 1225 intersections... 
Specify second point or <use first point as displacement>:  
Resuming MOVE command.

Specify second point or <use first point as displacement>: *Cancel*

Command: *Cancel*

Command: 
Command: 
Command: 
Command: _move 1 found

Specify base point or [Displacement] <Displacement>: 
Specify second point or <use first point as displacement>: *Cancel*

Command: 
Command:  
 
** MOVE **
Specify move point or [Base point/Copy/Undo/eXit]: 
Too many objects selected for INTERSECT

Command: *Cancel*

Command: 
Command: 
Command: 
Command: _move 1 found

Specify base point or [Displacement] <Displacement>: *Cancel*

Command: 
Command:  
 
** MOVE **
Specify move point or [Base point/Copy/Undo/eXit]: 
Too many objects selected for INTERSECT

Command: 
Command: 
Command: _move 1 found

Specify base point or [Displacement] <Displacement>: 
Specify second point or <use first point as displacement>:  
Resuming MOVE command.

Specify second point or <use first point as displacement>:  
Resuming MOVE command.

Specify second point or <use first point as displacement>: *Cancel*

Command:  
Command:  
Command: 
Command: 
Command: 
Command: _move 1 found

Specify base point or [Displacement] <Displacement>: 
Specify second point or <use first point as displacement>:  
Resuming MOVE command.

Specify second point or <use first point as displacement>:  
Resuming MOVE command.

Specify second point or <use first point as displacement>:  
Resuming MOVE command.

Specify second point or <use first point as displacement>:  
Resuming MOVE command.

Specify second point or <use first point as displacement>:  
Resuming MOVE command.

Specify second point or <use first point as displacement>:  
Resuming MOVE command.

Specify second point or <use first point as displacement>:  
Resuming MOVE command.

Specify second point or <use first point as displacement>: *Cancel*

Command: 
Command:  
 
** MOVE **
Specify move point or [Base point/Copy/Undo/eXit]: 
Command: *Cancel*

Command:  
Command:  
Automatic save to C:\Users\toong\AppData\Local\Temp\MicroSupply_1_17713_25231006.sv$ ...

Command: 
Command: *Cancel*

Command:  
Command:  
Command:  
Command: 
Command:  
 
** MOVE **
Specify move point or [Base point/Copy/Undo/eXit]: *Cancel*

Command: *Cancel*

Command: 
Command: 
Command: 
Command: _move 1 found

Specify base point or [Displacement] <Displacement>: *Cancel*

Command: 
Command: 
Command: 
Command: _move 1 found

Specify base point or [Displacement] <Displacement>: 
Specify second point or <use first point as displacement>: 
Command:  
Command:  
Command: _u INTELLIZOOM INTELLIZOOM 
Command: _u 
Command: _u '.VIEWCUBEACTION 
Command: _u INTELLIZOOM 
Command: _u MOVE GROUP 
Command: 
Command:  
Command:  
Command:  
Command:  
Command:  
Command: 
Command: *Cancel*

Command: *Cancel*

Command: 
Command: 
Command: 
Command: _move 1 found

Specify base point or [Displacement] <Displacement>: *Cancel*

Command: *Cancel*

Command: 
Command:  
 
** MOVE **
Specify move point or [Base point/Copy/Undo/eXit]: 
Too many objects selected for INTERSECT

Command: *Cancel*

Command:  
Command: Specify opposite corner or [Fence/WPolygon/CPolygon]: 
Command:  
Command: Specify opposite corner or [Fence/WPolygon/CPolygon]: 
Command: 
Command: 
Command: _move 71 found

Specify base point or [Displacement] <Displacement>: 
Checking 820 intersections... 
Specify second point or <use first point as displacement>: 
Command: *Cancel*

Command: 
Command:  
Command:  
Command: *Cancel*

Command: 
Command:  
Command:  
Command: *Cancel*

Command: 
Command: 
Command: 
Command: _move 1 found

Specify base point or [Displacement] <Displacement>:  
Resuming MOVE command.

Specify base point or [Displacement] <Displacement>: 
Specify second point or <use first point as displacement>: 
Command: 
Command:  
 
** MOVE **
Specify move point or [Base point/Copy/Undo/eXit]: 
Command:  
Command: Specify opposite corner or [Fence/WPolygon/CPolygon]: 
Command: 
Command: 
Command: _move 71 found

Specify base point or [Displacement] <Displacement>: 
Specify second point or <use first point as displacement>: 
Command:  
Command: 
Command:  
Command: *Cancel*

Command: Specify opposite corner or [Fence/WPolygon/CPolygon]: 
Command: 
Command:  
 
** MOVE **
Specify move point or [Base point/Copy/Undo/eXit]: 
Command: *Cancel*

Command:  
Command:  
Command: Specify opposite corner or [Fence/WPolygon/CPolygon]: _u 
Invalid window specification.
Specify opposite corner or [Fence/WPolygon/CPolygon]: Specify opposite corner or [Fence/WPolygon/CPolygon]: _u 
Invalid window specification.
Specify opposite corner or [Fence/WPolygon/CPolygon]: Specify opposite corner or [Fence/WPolygon/CPolygon]: _u 
Invalid window specification.
Specify opposite corner or [Fence/WPolygon/CPolygon]: Specify opposite corner or [Fence/WPolygon/CPolygon]: _u 
Invalid window specification.
Specify opposite corner or [Fence/WPolygon/CPolygon]: Specify opposite corner or [Fence/WPolygon/CPolygon]: _u 
Invalid window specification.
Specify opposite corner or [Fence/WPolygon/CPolygon]: Specify opposite corner or [Fence/WPolygon/CPolygon]: _u 
Invalid window specification.
Specify opposite corner or [Fence/WPolygon/CPolygon]: Specify opposite corner or [Fence/WPolygon/CPolygon]: _u 
Invalid window specification.
Specify opposite corner or [Fence/WPolygon/CPolygon]: Specify opposite corner or [Fence/WPolygon/CPolygon]: *Cancel*

Command: _u INTELLIZOOM 
Command: _u 
Command: _u '.VIEWCUBEACTION 
Command: _u INTELLIZOOM 
Command: _u '.ACGZDRAGACTION 
Command: _u 
Command: _u INTELLIZOOM INTELLIZOOM INTELLIZOOM 
Command: _u '.VIEWCUBEACTION 
Command: _u INTELLIZOOM 
Command: _u 
Command: _u MOVE GROUP 
Command: _u INTELLIZOOM INTELLIZOOM 
Command: _u '.VIEWCUBEACTION 
Command: _u '.ACGZDRAGACTION 
Command: _u 
Command: _u INTELLIZOOM 
Command: _u MOVE GROUP 
Command: _u INTELLIZOOM 
Command: 
Command:  
 
** MOVE **
Specify move point or [Base point/Copy/Undo/eXit]: *Cancel*

Command: *Cancel*

Command: 
Command:  
Command: 
Command: *Cancel*

Command: *Cancel*

Command: 
Command:  
 
** MOVE **
Specify move point or [Base point/Copy/Undo/eXit]: 
Too many objects selected for INTERSECT

Command: *Cancel*

Command: 
Command:  
 
** MOVE **
Specify move point or [Base point/Copy/Undo/eXit]: 
Too many objects selected for INTERSECT

Command: *Cancel*

Command: 
Command: 
Command: *Cancel*

Command: 
Command:  
 
** MOVE **
Specify move point or [Base point/Copy/Undo/eXit]: 
Too many objects selected for INTERSECT

Command: *Cancel*

Command:  
Command: 
Command:  
 
** MOVE **
Specify move point or [Base point/Copy/Undo/eXit]: 
Command: Specify opposite corner or [Fence/WPolygon/CPolygon]: 
Command: 
Command: 
Command: *Cancel*

Command: *Cancel*

Command: 
Command: 
Command: _.erase 2 found

Command: Specify opposite corner or [Fence/WPolygon/CPolygon]: *Cancel*

Command: 
Command:  
Command: *Cancel*

Command: 
Command:  
 
** MOVE **
Specify move point or [Base point/Copy/Undo/eXit]: 
Too many objects selected for INTERSECT

Command: *Cancel*

Command: 
Command: 
Command: 
Command: _3drotate 
Current positive angle in UCS:  ANGDIR=counterclockwise  ANGBASE=0
1 found

Specify base point: 
Too many objects selected for INTERSECT

 
** ROTATE **
Specify rotation angle or [Base point/Copy/Undo/Reference/eXit]: 
Command: *Cancel*

Command: 
Command: 
Command: 
Command: _3drotate 
Current positive angle in UCS:  ANGDIR=counterclockwise  ANGBASE=0
1 found

Specify base point: 
 
** ROTATE **
Specify rotation angle or [Base point/Copy/Undo/Reference/eXit]: 
Command: Specify opposite corner or [Fence/WPolygon/CPolygon]: *Cancel*

Command: *Cancel*

Command: 
Command: 
Command: 
Command: _3drotate 
Current positive angle in UCS:  ANGDIR=counterclockwise  ANGBASE=0
1 found

Specify base point: 
 
** ROTATE **
Specify rotation angle or [Base point/Copy/Undo/Reference/eXit]: 
Command: *Cancel*

Command: _u 3DROTATE GROUP 
Command: _u 3DROTATE GROUP 
Command: 
Command: 
Command: 
Command: _3drotate 
Current positive angle in UCS:  ANGDIR=counterclockwise  ANGBASE=0
1 found

Specify base point: 
 
** ROTATE **
Specify rotation angle or [Base point/Copy/Undo/Reference/eXit]: 
Command: Specify opposite corner or [Fence/WPolygon/CPolygon]: 
Command: Specify opposite corner or [Fence/WPolygon/CPolygon]: 
Command: *Cancel*

Command: 
Command: 
Command: 
Command: _3drotate 
Current positive angle in UCS:  ANGDIR=counterclockwise  ANGBASE=0
1 found

Specify base point: 
Too many objects selected for INTERSECT

 
** ROTATE **
Specify rotation angle or [Base point/Copy/Undo/Reference/eXit]: 
Command: *Cancel*

Command: Specify opposite corner or [Fence/WPolygon/CPolygon]: 
Command: 
Command: 
Command: _.undo Current settings: Auto = On, Control = All, Combine = Yes, Layer = Yes
Enter the number of operations to undo or [Auto/Control/BEgin/End/Mark/Back] <1>: 1 3DROTATE GROUP 
Command: 
Command: 
Command: _.undo Current settings: Auto = On, Control = All, Combine = Yes, Layer = Yes
Enter the number of operations to undo or [Auto/Control/BEgin/End/Mark/Back] <1>: 1 3DROTATE GROUP 
Command: *Cancel*

Command: 
Command: 
Command: 
Command: _3drotate 
Current positive angle in UCS:  ANGDIR=counterclockwise  ANGBASE=0
1 found

Specify base point: 
 
** ROTATE **
Specify rotation angle or [Base point/Copy/Undo/Reference/eXit]: 
Command: Specify opposite corner or [Fence/WPolygon/CPolygon]: 
Command: *Cancel*

Command: 
Command: 
Command: 
Command: _3drotate 
Current positive angle in UCS:  ANGDIR=counterclockwise  ANGBASE=0
1 found

Specify base point: 
Too many objects selected for INTERSECT

 
** ROTATE **
Specify rotation angle or [Base point/Copy/Undo/Reference/eXit]: 
Command: Specify opposite corner or [Fence/WPolygon/CPolygon]: 
Command: *Cancel*

Command: _u 3DROTATE GROUP 
Command:  <Isoplane Top> 
Command: _u 3DROTATE GROUP 
Command: *Cancel*

Command: 
Command: 
Command: 
Command: _3drotate 
Current positive angle in UCS:  ANGDIR=counterclockwise  ANGBASE=0
1 found

Specify base point: 
 
** ROTATE **
Specify rotation angle or [Base point/Copy/Undo/Reference/eXit]: 
Command: 
Command: 
Command: 
Command: 
Command: 
Command: 
Command: _xedges 3 found

Command: _u XEDGES GROUP 
Command: _u 3DROTATE GROUP 
Command: _u INTELLIZOOM 
Command: _u 3DROTATE GROUP 
Command: 
Command: 
Command: _.mredo 
Enter number of actions or [All/Last]: 1 GROUP 3DROTATE 
Command: 
Command: *Cancel*

Command: *Cancel*

Command: *Cancel*

Command: 
Command: 
Command: 
Command: _3drotate 
Current positive angle in UCS:  ANGDIR=counterclockwise  ANGBASE=0
1 found

Specify base point: 
Too many objects selected for INTERSECT

 
** ROTATE **
Specify rotation angle or [Base point/Copy/Undo/Reference/eXit]: 
Command: 
Command: Specify opposite corner or [Fence/WPolygon/CPolygon]: 
Command: Specify opposite corner or [Fence/WPolygon/CPolygon]: 
Command: 
Command: 
Command: _3drotate 
Current positive angle in UCS:  ANGDIR=counterclockwise  ANGBASE=0
6 found

Specify base point: *Cancel*

Command: *Cancel*

Command: *Cancel*

Command: _u 3DROTATE GROUP 
Command: _u 3DROTATE GROUP 
Command: _u INTELLIZOOM 
Command: _u 3DROTATE GROUP 
Command: 
Command: 
Command: _.mredo 
Enter number of actions or [All/Last]: 1 GROUP 3DROTATE 
Command: 
Command: 
Command: _.mredo 
Enter number of actions or [All/Last]: 1 INTELLIZOOM 
Command: 
Command: 
Command: _.mredo 
Enter number of actions or [All/Last]: 1 GROUP 3DROTATE 
Command: 
Command: 
Command: _.undo Current settings: Auto = On, Control = All, Combine = Yes, Layer = Yes
Enter the number of operations to undo or [Auto/Control/BEgin/End/Mark/Back] <1>: 1 3DROTATE GROUP 
Command: 
Command: 
Command: _.undo Current settings: Auto = On, Control = All, Combine = Yes, Layer = Yes
Enter the number of operations to undo or [Auto/Control/BEgin/End/Mark/Back] <1>: 1 INTELLIZOOM 
Command: 
Command: 
Command: _.undo Current settings: Auto = On, Control = All, Combine = Yes, Layer = Yes
Enter the number of operations to undo or [Auto/Control/BEgin/End/Mark/Back] <1>: 1 3DROTATE GROUP 
Command: 
Command: 
Command: _.mredo 
Enter number of actions or [All/Last]: 1 GROUP 3DROTATE 
Command: *Cancel*

Command: *Cancel*

Command: Specify opposite corner or [Fence/WPolygon/CPolygon]: *Cancel*

Command: Specify opposite corner or [Fence/WPolygon/CPolygon]: 
Command: JOIN
71 found

0 objects joined, 71 objects discarded from the operation
Command: 
Command: 
Command: 
Command: 
Command: 
Command: 
Command: 
Command: 
Command: 
Command: 
Command: 
Command: 
Command: 
Command: 
Command: 
Command: 
Command: 
Command: 
Command: 
Command: 
Command: 
Command: 
Command: 
Command: 
Command: 
Command: 
Command: 
Command: 
Command: 
Command: 
Command: 
Command: 
Command: 
Command: 
Command: 
Command: 
Command: 
Command: 
Automatic save to C:\Users\toong\AppData\Local\Temp\MicroSupply_1_17713_25231006.sv$ ...

Command: 
Command: 
Command: 
Command: 
Command: 
Command: 
Command: 
Command: 
Command: 
Command: 
Command: 
Command: 
Command: 
Command: 
Command: 
Command: 
Command: 
Command: 
Command: 
Command: 
Command: 
Command: 
Command: 
Command: 
Command: 
Command: 
Command: 
Command: 
Command: 
Command: 
Command: 
Command: 
Command: 
Command: JOIN
70 found

0 objects joined, 70 objects discarded from the operation
Command: Specify opposite corner or [Fence/WPolygon/CPolygon]: 
Command: GROUP
71 found

Unnamed group has been created. 
Command:  
Command: 
Command: 
Command: 
Command: _copy 71 found

Current settings:  Copy mode = Multiple
Specify base point or [Displacement/mOde] <Displacement>: 
Specify second point or [Array] <use first point as displacement>: 
Specify second point or [Array/Exit/Undo] <Exit>: *Cancel*

Command: 
Command: *Cancel*

Command: 
Command: 
Command: 
Command: _move 71 found

Specify base point or [Displacement] <Displacement>: 
Specify second point or <use first point as displacement>: 
Command: 
Command: 
Command: 
Command: 
Command: _move 72 found

Specify base point or [Displacement] <Displacement>: 
Specify second point or <use first point as displacement>: 
Command:  
Command: 
Command:  
Command: Specify opposite corner or [Fence/WPolygon/CPolygon]: *Cancel*

Command: *Cancel*

Command: 
Command: TEXT

Current text style:  "Standard"  Text height:  2.5000  Annotative:  No  Justify:  Left
Specify start point of text or [Justify/Style]: 
Too many objects selected for INTERSECT

Specify height <2.5000>: 
Specify rotation angle of text <0>: 
Command: _WSCURRENT 
Enter new value for WSCURRENT <"3D Modeling">: Drafting & Annotation

Command: 
Command: 
Command: 
Command: _mtext 
Current text style:  "Standard"  Text height:  2.5  Annotative:  No
Specify first corner: 
Checking 990 intersections... 
Specify opposite corner or [Height/Justify/Line spacing/Rotation/Style/Width/Columns]: 

Command: 
Command:  
 
** MOVE **
Specify move point or [Base point/Copy/Undo/eXit]: 
Command: *Cancel*

Command:  
Command: 
Command: 
Command: 
Command: _properties 
Command: *Cancel*

Command: *Cancel*

Command: *Cancel*

Command: Specify opposite corner or [Fence/WPolygon/CPolygon]: *Cancel*

Command:  
Command:  
Command: 
Command: 
Command: 
Command: _copyclip 1 found

Command: Specify opposite corner or [Fence/WPolygon/CPolygon]: *Cancel*

Command: *Cancel*

Command: 
Command: 
Command: _pasteclip Specify insertion point: 
Command: 
Command: 
Command: 
Command: _mtedit 
Command: 
Command: 
Command: 


Command: 
Command:  
Command: Specify opposite corner or [Fence/WPolygon/CPolygon]: *Cancel*

Command: 
Command: *Cancel*

Command: *Cancel*

Command: Specify opposite corner or [Fence/WPolygon/CPolygon]: 
Command: 
Command: *Cancel*

Command: _u INTELLIZOOM INTELLIZOOM INTELLIZOOM 
Command: _u DROPGEOM GROUP 
Command: 
Command:  
 
** MOVE **
Specify move point or [Base point/Copy/Undo/eXit]: 
Too many objects selected for INTERSECT

Command: *Cancel*

Command: Specify opposite corner or [Fence/WPolygon/CPolygon]: 
Command: 
Command:  
Command: 
Command:  
 
** MOVE **
Specify move point or [Base point/Copy/Undo/eXit]: 
Checking 630 intersections... 
Command: Specify opposite corner or [Fence/WPolygon/CPolygon]: *Cancel*

Command: *Cancel*

Command:  
Command: 
Command: 
Command: EXT
EXTRUDE 
Current wire frame density:  ISOLINES=4, Closed profiles creation mode = Solid
2 found

Cannot sweep or extrude an object of this type.
Cannot sweep or extrude an object of this type.
2 objects removed from selection set.

Select objects to extrude or [MOde]: 1 found

Select objects to extrude or [MOde]: 1 found, 2 total

Select objects to extrude or [MOde]: 

Cannot sweep or extrude an object of this type.
Cannot sweep or extrude an object of this type.
2 objects removed from selection set.

Select objects to extrude or [MOde]: *Cancel*

Command: 
Command: *Cancel*

Command: 
Command: 
Command: 
Command: _copy 1 found

Current settings:  Copy mode = Multiple
Specify base point or [Displacement/mOde] <Displacement>: 
Specify second point or [Array] <use first point as displacement>: 
Too many objects selected for INTERSECT

Specify second point or [Array/Exit/Undo] <Exit>: *Cancel*

Command: 
Command: *Cancel*

Command: 
Command: 
Command: 
Command: _copyclip 1 found

Command: *Cancel*

Command: 
Command: 
Command: _pasteclip Specify insertion point: *Cancel*

Command: *Cancel*

Command:  
Command: 
Command: 
Command: _.erase 1 found

Command: 
Command: 
Command: 
Command: _copyclip 1 found

Command: 
Command: 
Command: _pasteclip Specify insertion point: 
Too many objects selected for INTERSECT

Command: 
Command: 
Command: _pasteclip Specify insertion point: 
Too many objects selected for INTERSECT

Command: 
Command: *Cancel*

Command: 
Command:  
Command:  
 
** MOVE **
Specify move point or [Base point/Copy/Undo/eXit]: 
Command: *Cancel*

Command:  
Command: Specify opposite corner or [Fence/WPolygon/CPolygon]: 
Command: 
Command: 


Command: 
Command:  
Command: 
Command: *Cancel*

Command: 
Command:  
Command: Specify opposite corner or [Fence/WPolygon/CPolygon]:  Specify opposite corner or [Fence/WPolygon/CPolygon]: *Cancel*

Command: 
Command: 
Command: *Cancel*

Command: *Cancel*

Command: 
Command: 
Command: 
Command: 
Command: _move 2 found

Specify base point or [Displacement] <Displacement>: 
Specify second point or <use first point as displacement>: 
Command: 
Command: 
Command:  
 
** MOVE **
Specify move point or [Base point/Copy/Undo/eXit]: 
Command: Specify opposite corner or [Fence/WPolygon/CPolygon]: *Cancel*

Command: *Cancel*

Command:  
Command: 
Command: 
Command: 
Command: 
Command: _mtedit 
Command: 
Command: 
Command: 
Command: _mtedit 
Command: Specify opposite corner or [Fence/WPolygon/CPolygon]: *Cancel*

Command:  
Command:  
Command:  
Command: 
Command: 
Command: 
Command: _copyclip 1 found

Command: 
Command: 
Command: 
Command: _pasteclip Specify insertion point: 
Command: 
Command:  
 
** MOVE **
Specify move point or [Base point/Copy/Undo/eXit]: 
Command:  
 
** MOVE **
Specify move point or [Base point/Copy/Undo/eXit]: 
Command: *Cancel*

Command: 
Command:  
Command: *Cancel*

Command: 
Command: 
Command: 
Command: _move 1 found

Specify base point or [Displacement] <Displacement>: 
Specify second point or <use first point as displacement>: 
Command: 
Command: 
Command: 
Command: _mtedit 
Command: 
Command: *Cancel*

Command: *Cancel*

Command: 
Command:  
 
** MOVE **
Specify move point or [Base point/Copy/Undo/eXit]: 
Command: *Cancel*

Command:  
Command:  
Command:  
Command: 
Command:  
Command: *Cancel*

Command: 
Command:  
Command:  
Command: *Cancel*

Command:  
Command: 
Command: 
Command: 
Command: _mtext 
Current text style:  "Standard"  Text height:  2.5  Annotative:  No
Specify first corner: 
Too many objects selected for INTERSECT

Specify opposite corner or [Height/Justify/Line spacing/Rotation/Style/Width/Columns]: 
Too many objects selected for INTERSECT


Command: 
Command: 
Command:  <Osnap off> 
Command: *Cancel*

Command: 
Automatic save to C:\Users\toong\AppData\Local\Temp\MicroSupply_1_17713_25231006.sv$ ...

Command: 
Command:  
Command:  
Command: *Cancel*

Command:  
Command:  
Command: *Cancel*

Command: 
Command:  
 
** MOVE **
Specify move point or [Base point/Copy/Undo/eXit]: 
Command: *Cancel*

Command: 
Command:  
Command: Specify opposite corner or [Fence/WPolygon/CPolygon]: *Cancel*

Command: *Cancel*

Command:  
Command:  
Command: 
Command: ROTATE3D

Current positive angle:  ANGDIR=counterclockwise  ANGBASE=0
 
Specify first point on axis or define axis by 
[Object/Last/View/Xaxis/Yaxis/Zaxis/2points]:  
 
** MOVE **
Specify move point or [Base point/Copy/Undo/eXit]: *Cancel*

Resuming ROTATE3D command.
 
Specify first point on axis or define axis by 
[Object/Last/View/Xaxis/Yaxis/Zaxis/2points]: *Cancel*

Command: 
Command: 3DROTATE

Current positive angle in UCS:  ANGDIR=counterclockwise  ANGBASE=0
1 found

Specify base point: 
 
** ROTATE **
Specify rotation angle or [Base point/Copy/Undo/Reference/eXit]: 
Command: Specify opposite corner or [Fence/WPolygon/CPolygon]: *Cancel*

Command: *Cancel*

Command: 
Command: 
Command: 
Command: _move 1 found

Specify base point or [Displacement] <Displacement>: 
Specify second point or <use first point as displacement>:  <Osnap on> 
Command: 
Command:  
 
** MOVE **
Specify move point or [Base point/Copy/Undo/eXit]: 
Command:  
 
** MOVE **
Specify move point or [Base point/Copy/Undo/eXit]: 
Command:  
 
** MOVE **
Specify move point or [Base point/Copy/Undo/eXit]: 
Command: *Cancel*

Command:  
Command:  
Command:  
Command:  
Command:  
Command:  
Command: 
Command:  
 
** MOVE **
Specify move point or [Base point/Copy/Undo/eXit]: *Cancel*

Command:  
Command:  
 
** MOVE **
Specify move point or [Base point/Copy/Undo/eXit]: 
Command:  
Command:  
Command:  
 
** MOVE **
Specify move point or [Base point/Copy/Undo/eXit]: 
Command:  
Command:  
Command:  
 
** MOVE **
Specify move point or [Base point/Copy/Undo/eXit]: 
Command:  
Command:  
Command:  
Command:  
 
** MOVE **
Specify move point or [Base point/Copy/Undo/eXit]: 
Command: *Cancel*

Command:  
Command: 
Command:  
Command:  
 
** MOVE **
Specify move point or [Base point/Copy/Undo/eXit]: 
Command:  
 
** MOVE **
Specify move point or [Base point/Copy/Undo/eXit]: 
Command:  
Command:  
Command: *Cancel*

Command: 
Command:  
 
** MOVE **
Specify move point or [Base point/Copy/Undo/eXit]: 
Command:  
 
** MOVE **
Specify move point or [Base point/Copy/Undo/eXit]: 
Command: *Cancel*

Command:  
Command:  
Command:  
Command: *Cancel*

Command:  
Command: 
Command: 
Command: 
Command: _move 1 found

Specify base point or [Displacement] <Displacement>: 
Specify second point or <use first point as displacement>: 
Command: 
Command: 
Command: 
Command: 
Command: _move 2 found

Specify base point or [Displacement] <Displacement>: 
Specify second point or <use first point as displacement>: 
Command: 
Command:  
 
** MOVE **
Specify move point or [Base point/Copy/Undo/eXit]: 
Too many objects selected for INTERSECT

Command: 
Command: *Cancel*

Command: 
Command:  
 
** MOVE **
Specify move point or [Base point/Copy/Undo/eXit]: 
Command: *Cancel*

Command:  
Command: 
Command: 
Command: 
Command: _copyclip 1 found

Command: 
Command: 
Command: _pasteclip Specify insertion point: 
Command: *Cancel*

Command:  
Command: 
Command: _.erase 1 found

Command:  
Command:  
Command: *Cancel*

Command: *Cancel*

Command: Specify opposite corner or [Fence/WPolygon/CPolygon]: *Cancel*

Command: 
Command:  *Cancel*

Command:  
Command:  
 
** MOVE **
Specify move point or [Base point/Copy/Undo/eXit]: 
Command: 
Command: *Cancel*

Command: *Cancel*

Command: 
Command:  
 
** MOVE **
Specify move point or [Base point/Copy/Undo/eXit]: 
Command: *Cancel*

Command: 
Command:  
 
** MOVE **
Specify move point or [Base point/Copy/Undo/eXit]: 
Command: *Cancel*

Command:  
Command:  
Command:  
Command: 
Command: 
Command: _qsave 
Command: *Cancel*

Command: *Cancel*

Command: _quit 
Command: 
