[ AutoCAD - Tue May 25 16:10:28 2021  ]----------------------------------------

Loading Modeler DLLs.

Opening an AutoCAD 2018 format file.


AutoCAD menu utilities loaded.*Cancel*

Command: 

Autodesk DWG.  This file is a TrustedDWG last saved by an Autodesk application or Autodesk licensed application.

Command: 

Command: 
Command:  
Command:  
Command:  
Command:  
Command:  
Command:  
Command:  
Command:  
Command:  
Command:  
Command:  
Command:  
Command:  
Command:  
Command:  
Command:  
Command:  
Command:  
Command:  
Command:  
Command:  
Command:  
Command:  
Command: 
Command: 
Command: _line 
Specify first point: 
Specify next point or [Undo]: 
Specify next point or [Undo]: *Cancel*

Command:  
Command: *Cancel*

Command: *Cancel*

Command: _quit 
Command: 
