[ AutoCAD - Mon May 31 16:37:22 2021  ]----------------------------------------

Loading Modeler DLLs.

Opening an AutoCAD 2018 format file.


AutoCAD menu utilities loaded.*Cancel*

Command: 

Autodesk DWG.  This file is a TrustedDWG last saved by an Autodesk application or Autodesk licensed application.

Command: 

Command: 
Command:  
Command: 
Command: 
Command: _mtext 
Current text style:  "Standard"  Text height:  2.5  Annotative:  No
Specify first corner: 
Specify opposite corner or [Height/Justify/Line spacing/Rotation/Style/Width/Columns]: 

Command:  
Command: 
Command: 
Command: _qsave 
Command: 
Command: 
Command:  
Command: SETTINGS
OPTIONS 
