[ AutoCAD - Fri May 14 11:16:20 2021  ]----------------------------------------

Loading Modeler DLLs.

Opening an AutoCAD 2018 format file.
Regenerating model.


AutoCAD menu utilities loaded.*Cancel*

Command: 

Autodesk DWG.  This file is a TrustedDWG last saved by an Autodesk application or Autodesk licensed application.

Command: 

Command: 
Command: Specify opposite corner or [Fence/WPolygon/CPolygon]: 
Command: 
Command: 
Command: _extrude 
Current wire frame density:  ISOLINES=4, Closed profiles creation mode = Solid
25 found
_MO Closed profiles creation mode [SOlid/SUrface] <Solid>: _SO

Cannot sweep or extrude a self-intersecting curve.
1 object removed from selection set.

Specify height of extrusion or [Direction/Path/Taper angle/Expression]:  Regenerating model.

Resuming EXTRUDE command.

Specify height of extrusion or [Direction/Path/Taper angle/Expression]: *Cancel*

Command: *Cancel*

Command: *Cancel*

Command: *Cancel*

Command: *Cancel*

Command: *Cancel*

Command: *Cancel*

Command: *Cancel*

Command: *Cancel*

Command: 
Command: 
Command:  
Command: *Cancel*

Command:  
Command:  
Command: Specify opposite corner or [Fence/WPolygon/CPolygon]: 
Command: _.erase 181 found

Command:  
Command:  
Command:  
Command:  
Command:  
Command: Specify opposite corner or [Fence/WPolygon/CPolygon]: 
Command: Specify opposite corner or [Fence/WPolygon/CPolygon]: 
Command: *Cancel*

Command: 
Command: _.erase 1 found

Command: 
Command: _.erase 1 found

Command: Specify opposite corner or [Fence/WPolygon/CPolygon]: 
Command: 
Command: 
Command: _extrude 
Current wire frame density:  ISOLINES=4, Closed profiles creation mode = Solid
22 found
_MO Closed profiles creation mode [SOlid/SUrface] <Solid>: _SO

Specify height of extrusion or [Direction/Path/Taper angle/Expression]:  
Resuming EXTRUDE command.

Specify height of extrusion or [Direction/Path/Taper angle/Expression]: *Cancel*

Command: *Cancel*

Command: 
Command: *Cancel*

Command: *Cancel*

Command: *Cancel*

Command: *Cancel*

Command: *Cancel*

Command:  
Command: 
Command: *Cancel*

Command: Specify opposite corner or [Fence/WPolygon/CPolygon]: 
Command: 
Command: 
Command: _properties 
Command: *Cancel*

Command: Specify opposite corner or [Fence/WPolygon/CPolygon]: 
Command: 
Command: 
Command: _join 22 found

21 objects converted to 1 polyline, 1 object discarded from the operation
Command: *Cancel*

Command: 
Command: 
Command: 
Command: _extrude 
Current wire frame density:  ISOLINES=4, Closed profiles creation mode = Solid
1 found
_MO Closed profiles creation mode [SOlid/SUrface] <Solid>: _SO

Cannot sweep or extrude a self-intersecting curve.
1 object removed from selection set.

Select objects to extrude or [MOde]: 1 found

Select objects to extrude or [MOde]: 

Cannot sweep or extrude a self-intersecting curve.
1 object removed from selection set.

Select objects to extrude or [MOde]: 1 found

Select objects to extrude or [MOde]: *Cancel*
*Cancel*

Command: _extrude 
Current wire frame density:  ISOLINES=4, Closed profiles creation mode = Solid

Select objects to extrude or [MOde]: _MO Closed profiles creation mode [SOlid/SUrface] <Solid>: _SO

Select objects to extrude or [MOde]: 1 found

Select objects to extrude or [MOde]: 

Cannot sweep or extrude a self-intersecting curve.
1 object removed from selection set.

Select objects to extrude or [MOde]:  
Resuming EXTRUDE command.

Select objects to extrude or [MOde]:  
Resuming EXTRUDE command.

Select objects to extrude or [MOde]:  
Resuming EXTRUDE command.

Select objects to extrude or [MOde]:  
Resuming EXTRUDE command.

Select objects to extrude or [MOde]: 1 found

Select objects to extrude or [MOde]: 1 found (1 duplicate), 1 total

Select objects to extrude or [MOde]: 1 found (1 duplicate), 1 total

Select objects to extrude or [MOde]: *Cancel*

Command: *Cancel*

Command: 
Command: 
Command: 


Command: 
Command:  
Command: 
Command: 
Command: 


Command: 
Command:  
Command: Specify opposite corner or [Fence/WPolygon/CPolygon]: 
Command: _.erase 1 found

Command: Specify opposite corner or [Fence/WPolygon/CPolygon]: 
Command: 
Command: 
Command: 
Command: _extrude 
Current wire frame density:  ISOLINES=4, Closed profiles creation mode = Solid
1 found
_MO Closed profiles creation mode [SOlid/SUrface] <Solid>: _SO

Cannot sweep or extrude a self-intersecting curve.
1 object removed from selection set.

Select objects to extrude or [MOde]: 1 found

Select objects to extrude or [MOde]: 

Cannot sweep or extrude a self-intersecting curve.
1 object removed from selection set.

Select objects to extrude or [MOde]: *Cancel*

Command: _u EXTRUDE GROUP 
Command: _u INTELLIZOOM 
Command: _u ERASE 
Command: _u DROPGEOM GROUP 
Command: _u INTELLIZOOM 
Command: _u DROPGEOM GROUP 
Command: _u EXTRUDE GROUP 
Command: _u EXTRUDE GROUP 
Command: _u INTELLIZOOM 
Command: _u JOIN GROUP 
Command: _u GROUP Properties 
Command: Specify opposite corner or [Fence/WPolygon/CPolygon]: *Cancel*

Command:  
Command: 
Command: 
Command: 


Command: 
Command:  
Command: 
Command: 
Command: 


Command: 
Command:  
Command: 
Command:  
 
** STRETCH **
Specify stretch point or [Base point/Copy/Undo/eXit]: *Cancel*

Command: *Cancel*

Command: *Cancel*

Command: 
Command: _u '.ACGZDRAGACTION 
Command: _u 
Command: _u DROPGEOM GROUP 
Command: 
Command: _.erase 1 found

Command:  
Command: 
Command: 
Command: 


Command: 
Command:  
Command:  
Command: 
Command: 
Command: 


Command: 
Command:  
Command: 
Command: 
Command: 


Command: 
Command:  
Command:  
Command: 
Command: 
Command: 


Command: 
Command:  
Command: 
Command: 
Command: 


Command: 
Command:  
Command: 
Command: 
Command: 


Command: 
Command:  
Command: Specify opposite corner or [Fence/WPolygon/CPolygon]: 
Command: 
Command: 
Command: 


Command: 
Command:  
Command: Specify opposite corner or [Fence/WPolygon/CPolygon]: 
Command: 
Command: 
Command: 


Command: 
Command:  
Command:  
Command: 
Command: 
Command: 


Command: 
Command:  
Command: 
Command: 
Command: 


Command: 
Command:  
Command: 
Command: 
Command: 


Command: 
Command:  
Command: 
Crossing Lasso  Press Spacebar to cycle options
Command: 
Command: 


Command: 
Command:  
Command: 
Command: 
Command: 


Command: 
Command:  
Command: 
Command: 
Command: 


Command: 
Command:  
Command: 
Command:  
 
** STRETCH **
Specify stretch point or [Base point/Copy/Undo/eXit]: *Cancel*

Command: 
Command: 


Command: 
Command:  
Command: Specify opposite corner or [Fence/WPolygon/CPolygon]: *Cancel*

Command: 
Command: 
Command: 


Command: 
Command:  
Command: 
Command: 
Command: 


Command: 
Command:  
Command: 
Command: *Cancel*

Command: 
Command:  
 
** STRETCH **
Specify stretch point or [Base point/Copy/Undo/eXit]: *Cancel*

Command: 
Command: 


Command: 
Command:  
Command: 
Command: 
Command: 


Command: 
Command:  
Command: 
Command: 
Command: 


Command: 
Command:  
Command: *Cancel*

Command: _u DROPGEOM GROUP 
Command: _u DROPGEOM GROUP 
Command: _u DROPGEOM GROUP 
Command: _u '.ACGZDRAGACTION 
Command: _u 
Command: _u DROPGEOM GROUP 
Command: _u DROPGEOM GROUP 
Command: _u DROPGEOM GROUP 
Command: _u '.ACGZDRAGACTION 
Command: _u 
Command: _u DROPGEOM GROUP 
Command: _u INTELLIZOOM 
Command: _u DROPGEOM GROUP 
Command: _u DROPGEOM GROUP 
Command: _u DROPGEOM GROUP 
Command: _u DROPGEOM GROUP 
Command: _u DROPGEOM GROUP 
Command: _u '.3DPAN2 
Command: _u DROPGEOM GROUP 
Command: _u DROPGEOM GROUP 
Command: _u DROPGEOM GROUP 
Command: _u DROPGEOM GROUP 
Command: _u DROPGEOM GROUP 
Command: _u INTELLIZOOM 
Command: _u 
Command: _u DROPGEOM GROUP 
Command: _u DROPGEOM GROUP 
Command: _u INTELLIZOOM 
Command: _u 
Command: _u DROPGEOM GROUP 
Command:  
Command: 
Command: _.erase 1 found

Command: Specify opposite corner or [Fence/WPolygon/CPolygon]: 
Command: 
Command: 
Command: _extrude 
Current wire frame density:  ISOLINES=4, Closed profiles creation mode = Solid
20 found
_MO Closed profiles creation mode [SOlid/SUrface] <Solid>: _SO

Specify height of extrusion or [Direction/Path/Taper angle/Expression]:  
Resuming EXTRUDE command.

Specify height of extrusion or [Direction/Path/Taper angle/Expression]: *Cancel*

Command: Specify opposite corner or [Fence/WPolygon/CPolygon]: *Cancel*

Command: Specify opposite corner or [Fence/WPolygon/CPolygon]: *Cancel*

Command: Specify opposite corner or [Fence/WPolygon/CPolygon]: 
Command: 
Command: 
Command: _join 20 found

20 objects converted to 1 polyline
Command: 
Command: 
Command: 
Command: _extrude 
Current wire frame density:  ISOLINES=4, Closed profiles creation mode = Solid
1 found
_MO Closed profiles creation mode [SOlid/SUrface] <Solid>: _SO

Specify height of extrusion or [Direction/Path/Taper angle/Expression]: 4


Command: *Cancel*

Command:  
Command:  
Command: _u '.VIEWCUBEACTION 
Command: _u '.3DPAN2 
Command: _u EXTRUDE GROUP 
Command:  
Command:  
Command:  
Command:  
Command: Specify opposite corner or [Fence/WPolygon/CPolygon]: 
Command: COPY
1 found

Current settings:  Copy mode = Multiple
Specify base point or [Displacement/mOde] <Displacement>: 
Specify second point or [Array] <use first point as displacement>: 
Specify second point or [Array/Exit/Undo] <Exit>: 
Specify second point or [Array/Exit/Undo] <Exit>: *Cancel*

Command: 
Command: 
Command: 
Command: 
Command: _extrude 
Current wire frame density:  ISOLINES=4, Closed profiles creation mode = Solid
2 found
_MO Closed profiles creation mode [SOlid/SUrface] <Solid>: _SO

Specify height of extrusion or [Direction/Path/Taper angle/Expression] <4.0000>: 4


Command: 
Command: _.erase 1 found

Command: 
Command: _.erase 1 found

Command: 
Command: _.erase 1 found

Command: Specify opposite corner or [Fence/WPolygon/CPolygon]: 
Command: 
Command: _.erase 1 found

Command: 
Command: _.erase 1 found

Command: 
Command: _.erase 1 found

Command: 
Command: _.erase 1 found

Command: 
Command: _.erase 1 found

Command: 
Command: _.erase 1 found

Command:  
Command: 
Command: _.erase 1 found

Command: 
Command: _.erase 1 found

Command: 
Command: _.erase 1 found

Command: 
Command: _.erase 1 found

Command: 
Command: _.erase 1 found

Command: Specify opposite corner or [Fence/WPolygon/CPolygon]: 
Command: Specify opposite corner or [Fence/WPolygon/CPolygon]: 
Command: 
Command: _.erase 1 found

Command: 
Command: _.erase 1 found

Command: 
Command: _.erase 1 found

Command: 
Command: _.erase 1 found

Command: 
Command: _.erase 1 found

Command: 
Command: _.erase 1 found

Command: 
Command: _.erase 1 found

Command: 
Command: _.erase 1 found

Command: 
Command: _.erase 1 found

Command: 
Command: _.erase 1 found

Command: Specify opposite corner or [Fence/WPolygon/CPolygon]: 
Command: _.erase 1 found

Command: 
Command: _.erase 1 found

Command: 
Command: _.erase 1 found

Command: Specify opposite corner or [Fence/WPolygon/CPolygon]: 
Command: 
Command: _.erase 1 found

Command: 
Command: _.erase 1 found

Command: Specify opposite corner or [Fence/WPolygon/CPolygon]: 
Command: 
Command: _.erase 1 found

Command: _u ERASE 
Command: _u ERASE 
Command: _u ERASE 
Command: _u ERASE 
Command: _u ERASE 
Command: _u ERASE 
Command: _u ERASE 
Command: _u ERASE 
Command: _u ERASE 
Command: _u ERASE 
Command: _u ERASE 
Command: _u ERASE 
Command: _u ERASE 
Command: _u ERASE 
Command: _u ERASE 
Command: _u ERASE 
Command: _u ERASE 
Command: _u ERASE 
Command: _u ERASE 
Command: _u ERASE 
Command: _u ERASE 
Command: _u '.3DPAN2 
Command: _u ERASE 
Command: _u ERASE 
Command: _u ERASE 
Command: _u ERASE 
Command: _u ERASE 
Command: _u ERASE 
Command: _u ERASE 
Command: _u ERASE 
Command: _u INTELLIZOOM 
Command: _u ERASE 
Command:  
Command: Specify opposite corner or [Fence/WPolygon/CPolygon]: 
Command: JOIN
30 found

30 objects converted to 1 polyline
Command: Specify opposite corner or [Fence/WPolygon/CPolygon]: 
Command: 
Command: 
Command: _extrude 
Current wire frame density:  ISOLINES=4, Closed profiles creation mode = Solid
1 found
_MO Closed profiles creation mode [SOlid/SUrface] <Solid>: _SO

Specify height of extrusion or [Direction/Path/Taper angle/Expression] <4.0000>: 4


Command:  
Command:  
Command: _u '.VIEWCUBEACTION 
Command: _u '.VIEWCUBEACTION 
Command: _u EXTRUDE GROUP 
Command: Specify opposite corner or [Fence/WPolygon/CPolygon]: 
Command: COPY
1 found

Current settings:  Copy mode = Multiple
Specify base point or [Displacement/mOde] <Displacement>: 
Specify second point or [Array] <use first point as displacement>:  
Resuming COPY command.

Specify second point or [Array] <use first point as displacement>: 
Specify second point or [Array/Exit/Undo] <Exit>: 
Specify second point or [Array/Exit/Undo] <Exit>: *Cancel*

Command:  
Command: 
Command: Specify opposite corner or [Fence/WPolygon/CPolygon]: 
Command: 
Command: 
Command: _extrude 
Current wire frame density:  ISOLINES=4, Closed profiles creation mode = Solid
2 found
_MO Closed profiles creation mode [SOlid/SUrface] <Solid>: _SO

Specify height of extrusion or [Direction/Path/Taper angle/Expression] <4.0000>: 4


Command: 
Command: _.erase 1 found

Command: 
Command: _.erase 1 found

Command: 
Command: _.erase 1 found

Command: 
Command: _.erase 1 found

Command: 
Command: _.erase 1 found

Command: 
Command: _.erase 1 found

Command: 
Command: _.erase 1 found

Command: 
Command: _.erase 1 found

Command: Specify opposite corner or [Fence/WPolygon/CPolygon]: 
Command: 
Command: _.erase 1 found

Command: 
Command: _.erase 1 found

Command: 
Command: _.erase 1 found

Command: 
Command: _.erase 1 found

Dimension extension disassociated.
Command: 
Command: _.erase 1 found

Dimension disassociated.
Dimension extension disassociated.
Command: 
Command: _.erase 1 found

Command:  
Command: 
Command: _.erase 1 found

Dimension extension disassociated.
Command: 
Command: _.erase 1 found

Command: 
Command: _.erase 1 found

Dimension extension disassociated.
Dimension disassociated.
Command: 
Command: _.erase 1 found

Command: 
Command: _.erase 1 found

Command: 
Command: _.erase 1 found

Command: Specify opposite corner or [Fence/WPolygon/CPolygon]: 
Command: 
Command: _.erase 1 found

Command: 
Command: _.erase 1 found

Command: 
Command: _.erase 1 found

Command: Specify opposite corner or [Fence/WPolygon/CPolygon]: 
Command: 
Command: _.erase 1 found

Command: 
Command: _.erase 1 found

Command: _u ERASE 
Command: _u ERASE 
Command: _u ERASE 
Command: _u ERASE 
Command: _u ERASE 
Command: _u ERASE 
Command: _u ERASE 
Command: _u ERASE 
Command: _u ERASE 
Command: _u ERASE 
Command: _u ERASE 
Command: _u '.3DPAN2 
Command: _u ERASE 
Command: _u ERASE 
Command: _u ERASE 
Command: _u ERASE 
Command: _u ERASE 
Command: _u ERASE 
Command: _u ERASE 
Command: _u ERASE 
Command: _u ERASE 
Command: _u ERASE 
Command: _u ERASE 
Command: _u ERASE 
Command: _u ERASE 
Command: _u ERASE 
Command: *Cancel*

Command:  
Command: Specify opposite corner or [Fence/WPolygon/CPolygon]: 
Command: JOIN
26 found

27 segments joined into 1 polyline, 1 object discarded from the operation
Dimension disassociated.
Dimension disassociated.
Dimension disassociated.
Dimension disassociated.
Command: 
Command: 
Command: 
Command: _extrude 
Current wire frame density:  ISOLINES=4, Closed profiles creation mode = Solid
1 found
_MO Closed profiles creation mode [SOlid/SUrface] <Solid>: _SO

Specify height of extrusion or [Direction/Path/Taper angle/Expression] <4.0000>: 4


Command: _u EXTRUDE GROUP 
Command: 
Command: _.erase 1 found

Command: 
Command: _.erase 1 found

Command: 
Command: _.erase 1 found

Command: Specify opposite corner or [Fence/WPolygon/CPolygon]: *Cancel*

Command: 
Command: _.erase 1 found

Command: Specify opposite corner or [Fence/WPolygon/CPolygon]: 
Command: Specify opposite corner or [Fence/WPolygon/CPolygon]: 
Command: 
Command: 
Command: _copyclip 1 found

Command: COPY
1 found

Current settings:  Copy mode = Multiple
Specify base point or [Displacement/mOde] <Displacement>: 
Specify second point or [Array] <use first point as displacement>:  
Resuming COPY command.

Specify second point or [Array] <use first point as displacement>:  
Resuming COPY command.

Specify second point or [Array] <use first point as displacement>: 
Specify second point or [Array/Exit/Undo] <Exit>:  
Resuming COPY command.

Specify second point or [Array/Exit/Undo] <Exit>: 
Specify second point or [Array/Exit/Undo] <Exit>: *Cancel*

Automatic save to C:\Users\toong\AppData\Local\Temp\MicroSupply_1_17713_81182572.sv$ ...

Command: 
Command:  
Command:  
Command: 
Command: 
Command: 
Command: 
Command: _extrude 
Current wire frame density:  ISOLINES=4, Closed profiles creation mode = Solid
2 found
_MO Closed profiles creation mode [SOlid/SUrface] <Solid>: _SO

Specify height of extrusion or [Direction/Path/Taper angle/Expression] <4.0000>: 4


Command:  
Command:  
Command: 
Command:  
 
** MOVE **
Specify move point or [Base point/Copy/Undo/eXit]: 25

Command:  
Command: Specify opposite corner or [Fence/WPolygon/CPolygon]: 
Command: 
Command: 
Command: 
Command: _rotate 
Current positive angle in UCS:  ANGDIR=counterclockwise  ANGBASE=0
2 found

Specify base point: 
Specify rotation angle or [Copy/Reference] <0>: *Cancel*

Command: 
Command: 
Command: 


Command: 
Command:  
Command: *Cancel*

Command: _u DROPGEOM GROUP 
Command: 
Command: 
Command: 
Command: _3drotate 
Current positive angle in UCS:  ANGDIR=counterclockwise  ANGBASE=0
1 found

Specify base point:  
Resuming 3DROTATE command.

Specify base point: 
Pick a rotation axis: 
Specify angle start point or type an angle: 
Command: *Cancel*

Command:  
Command: 
Command: 
Command: _3drotate 
Current positive angle in UCS:  ANGDIR=counterclockwise  ANGBASE=0

Select objects: 1 found

Select objects: 

Specify base point: 
Pick a rotation axis: 
Specify angle start point or type an angle: 
Command:  
Command:  
Command: 
Command: 
Command: 
Command: _move 1 found

Specify base point or [Displacement] <Displacement>: 
Specify second point or <use first point as displacement>: 
Command:  
Command:  
Command:  
Command:  
Command: 
Command: 
Command: 
Command: _move 1 found

Specify base point or [Displacement] <Displacement>:  
Resuming MOVE command.

Specify base point or [Displacement] <Displacement>: 
Specify second point or <use first point as displacement>:  
Resuming MOVE command.

Specify second point or <use first point as displacement>:  
Resuming MOVE command.

Specify second point or <use first point as displacement>: 
Command:  
Command:  
Command:  
Command: 
Command: 
Command: 
Command: _3drotate 
Current positive angle in UCS:  ANGDIR=counterclockwise  ANGBASE=0
1 found

Specify base point: 
 
** ROTATE **
Specify rotation angle or [Base point/Copy/Undo/Reference/eXit]: 
Command: _u 3DROTATE GROUP 
Command: 
Command: 
Command: 
Command: _3drotate 
Current positive angle in UCS:  ANGDIR=counterclockwise  ANGBASE=0
1 found

Specify base point: 
 
** ROTATE **
Specify rotation angle or [Base point/Copy/Undo/Reference/eXit]: 
Command: 
Command:  
 
** ROTATE **
Specify rotation angle or [Base point/Copy/Undo/Reference/eXit]: *Cancel*

Command: *Cancel*

Command: 
Command: 
Command: 
Command: _3drotate 
Current positive angle in UCS:  ANGDIR=counterclockwise  ANGBASE=0
1 found

Specify base point: 
 
** ROTATE **
Specify rotation angle or [Base point/Copy/Undo/Reference/eXit]: 
Command: *Cancel*

Command:  
Command:  
Command:  
Command:  
Command: 
Command: 
Command: 
Command: _move 1 found

Specify base point or [Displacement] <Displacement>: 
Specify second point or <use first point as displacement>: 
Command:  
Command:  
Command: 
Command:  
Command:  
Command:  
Command: 
Command: 
Command: 
Command: _move 2 found

Specify base point or [Displacement] <Displacement>: *Cancel*

Command: 
Command: 
Command: 


Command: 
Command:  
Command: 
Command: 
Command: _move 
Select objects: 1 found

Select objects: 

Specify base point or [Displacement] <Displacement>:  
Resuming MOVE command.

Specify base point or [Displacement] <Displacement>: 
Specify second point or <use first point as displacement>: 
Command:  
Command:  
Command:  
Command: 
Command: COPY
1 found

Current settings:  Copy mode = Multiple
Specify base point or [Displacement/mOde] <Displacement>: 
Specify second point or [Array] <use first point as displacement>: *Cancel*

Command:  
Command:  
Command:  
Command: 
Command: 
Command: 
Command: _move 1 found

Specify base point or [Displacement] <Displacement>: 
Specify second point or <use first point as displacement>:  
Resuming MOVE command.

Specify second point or <use first point as displacement>: 
Command: *Cancel*

Command:  
Command:  
Command: 
Command: COPY
1 found

Current settings:  Copy mode = Multiple
Specify base point or [Displacement/mOde] <Displacement>: 
Too many objects selected for INTERSECT

Specify second point or [Array] <use first point as displacement>:  
Resuming COPY command.

Specify second point or [Array] <use first point as displacement>: 
Specify second point or [Array/Exit/Undo] <Exit>: 
Specify second point or [Array/Exit/Undo] <Exit>: *Cancel*

Command: 
Command: COPY
1 found

Current settings:  Copy mode = Multiple
Specify base point or [Displacement/mOde] <Displacement>:  
Resuming COPY command.

Specify base point or [Displacement/mOde] <Displacement>: 
Specify second point or [Array] <use first point as displacement>:  
Resuming COPY command.

Specify second point or [Array] <use first point as displacement>:  
Resuming COPY command.

Specify second point or [Array] <use first point as displacement>: 
Specify second point or [Array/Exit/Undo] <Exit>: 
Specify second point or [Array/Exit/Undo] <Exit>: *Cancel*

Command: 
Command: SOLID
Specify first point: *Cancel*

Command: *Cancel*

Command: 
Automatic save to C:\Users\toong\AppData\Local\Temp\MicroSupply_1_17713_81182572.sv$ ...

Command: 
Command: 
Command: 
Command: _solidhist 
Enter new value for SOLIDHIST <0>: 1 
Command: Specify opposite corner or [Fence/WPolygon/CPolygon]: 
Command: Specify opposite corner or [Fence/WPolygon/CPolygon]: 
Command: Specify opposite corner or [Fence/WPolygon/CPolygon]: 
Command: Specify opposite corner or [Fence/WPolygon/CPolygon]: 
Command: Specify opposite corner or [Fence/WPolygon/CPolygon]: 
Command: *Cancel*

Command: *Cancel*

Command: 
Command: COPY
1 found

Current settings:  Copy mode = Multiple
Specify base point or [Displacement/mOde] <Displacement>: 
Specify second point or [Array] <use first point as displacement>: 
Specify second point or [Array/Exit/Undo] <Exit>:  
Resuming COPY command.

Specify second point or [Array/Exit/Undo] <Exit>: 
Specify second point or [Array/Exit/Undo] <Exit>: *Cancel*

Command:  
Command:  
Command:  
Command: *Cancel*

Command: 
Automatic save to C:\Users\toong\AppData\Local\Temp\MicroSupply_1_17713_81182572.sv$ ...

Command: 
Command:  
Command:  
Command:  
Command:  
Command:  
Command:  
Command:  
Command:  
Command:  
Command:  
Command:  
Command:  
Command:  
Command:  
Command: DIMENSION
DIM 
Select objects or specify first extension line origin or [Angular/Baseline/Continue/Ordinate/aliGn/Distribute/Layer/Undo]:
Specify first extension line origin or [Angular/Baseline/Continue/Ordinate/aliGn/Distribute/Layer/Undo]:
Specify second extension line origin or [Undo]:
Specify dimension line location or second line for angle [Mtext/Text/text aNgle/Undo]:
Command:  
Command:  
Command:  
Command:  
Command:  
Command:  
Command:  
Command:  
Command:  
Command: DIMENSION
DIM 
Select objects or specify first extension line origin or [Angular/Baseline/Continue/Ordinate/aliGn/Distribute/Layer/Undo]:
Specify first extension line origin or [Angular/Baseline/Continue/Ordinate/aliGn/Distribute/Layer/Undo]:
Specify second extension line origin or [Undo]:
Specify dimension line location or second line for angle [Mtext/Text/text aNgle/Undo]:
Select objects or specify first extension line origin or [Angular/Baseline/Continue/Ordinate/aliGn/Distribute/Layer/Undo]:
Select line to specify extension lines origin:
Specify dimension line location or second line for angle [Mtext/Text/text aNgle/Undo]:
Select objects or specify first extension line origin or [Angular/Baseline/Continue/Ordinate/aliGn/Distribute/Layer/Undo]:
Select objects or specify first extension line origin or [Angular/Baseline/Continue/Ordinate/aliGn/Distribute/Layer/Undo]:
Command: _u DIM 
Command: 
Command: COPY
1 found

Current settings:  Copy mode = Multiple
Specify base point or [Displacement/mOde] <Displacement>: 
Specify second point or [Array] <use first point as displacement>: 
Specify second point or [Array/Exit/Undo] <Exit>: *Cancel*

Command: 
Automatic save to C:\Users\toong\AppData\Local\Temp\MicroSupply_1_17713_81182572.sv$ ...

Command: 
Command:  
Command:  
Command: *Cancel*

Command: *Cancel*

Command: _quit 
Command: 
